<?xml version="1.0" encoding="UTF-8"?>
<!-- Generated by org.testng.reporters.JUnitReportReporter -->
<testsuite hostname="ISW-250217-OEDF" failures="0" tests="4" name="testCases.TC003_User_AuthenticationDDT" time="41.333" errors="0" timestamp="2025-03-17T17:28:48 WAT" skipped="0">
  <testcase classname="testCases.TC003_User_AuthenticationDDT" name="successful_login_DDT" time="13.009"/>
  <testcase classname="testCases.TC003_User_AuthenticationDDT" name="successful_login_DDT" time="11.512"/>
  <testcase classname="testCases.TC003_User_AuthenticationDDT" name="successful_login_DDT" time="4.474"/>
  <testcase classname="testCases.TC003_User_AuthenticationDDT" name="successful_login_DDT" time="12.338"/>
</testsuite> <!-- testCases.TC003_User_AuthenticationDDT -->
