<?xml version="1.0" encoding="UTF-8"?>
<!-- Generated by org.testng.reporters.JUnitReportReporter -->
<testsuite hostname="ISW-250217-OEDF" failures="0" tests="1" name="testCases.TC001_User_Registration" time="8.570" errors="0" timestamp="2025-03-18T12:58:28 WAT" skipped="0">
  <testcase classname="testCases.TC001_User_Registration" name="successful_user_registration" time="8.570">
    <system-out>
      <![CDATA[🟢 Test Started: successful_user_registration<br>
✅ Test Passed: successful_user_registration<br>
📌 Status of test execution is: PASSED<br>]]>
    </system-out>
  </testcase> <!-- successful_user_registration -->
  <system-out>
    <![CDATA[🚀 Test Suite Started: Test<br>
🟢 Test Started: successful_user_registration<br>
✅ Test Passed: successful_user_registration<br>
📌 Status of test execution is: PASSED<br>
🟢 Test Started: successful_login<br>
❌ Test Failed: successful_login<br>
📸 Screenshot captured for failed test: successful_login<br>
<a href='C:\eclipse-workspace\webportal\screenshots\successful_login_2025-03-18_12.58.22.png' target='_blank'>📷 View Screenshot</a>
<br>
📌 Status of test execution is: FAILED<br>]]>
  </system-out>
</testsuite> <!-- testCases.TC001_User_Registration -->
