<?xml version="1.0" encoding="UTF-8"?>
<!-- Generated by org.testng.reporters.JUnitReportReporter -->
<testsuite hostname="ISW-250217-OEDF" failures="0" tests="1" name="testCases.TC001_LoginTest" time="3.480" errors="0" timestamp="2025-03-14T00:52:21 WAT" skipped="0">
  <testcase classname="testCases.TC001_LoginTest" name="testLogin" time="3.480"/>
  <system-out/>
</testsuite> <!-- testCases.TC001_LoginTest -->
