<?xml version="1.0" encoding="UTF-8"?>
<!-- Generated by org.testng.reporters.JUnitReportReporter -->
<testsuite hostname="ISW-250217-OEDF" failures="0" tests="1" name="testCases.TC001_LoginTestPF" time="1.692" errors="0" timestamp="2025-03-14T09:23:10 WAT" skipped="0">
  <testcase classname="testCases.TC001_LoginTestPF" name="testLogin" time="1.692"/>
  <system-out/>
</testsuite> <!-- testCases.TC001_LoginTestPF -->
