<?xml version="1.0" encoding="UTF-8"?>
<!-- Generated by org.testng.reporters.JUnitReportReporter -->
<testsuite hostname="ISW-250217-OEDF" failures="0" tests="1" name="demoPO.TC002_FD_Calculator_DDT" time="22.340" errors="0" timestamp="2025-03-17T09:41:48 WAT" skipped="0">
  <testcase classname="demoPO.TC002_FD_Calculator_DDT" name="vaidateFD_Calculator" time="22.340"/>
</testsuite> <!-- demoPO.TC002_FD_Calculator_DDT -->
