<?xml version="1.0" encoding="UTF-8"?>
<!-- Generated by org.testng.reporters.JUnitReportReporter -->
<testsuite hostname="ISW-250217-OEDF" failures="0" tests="1" name="demoPO.TC001_LoginTestPF" time="2.100" errors="0" timestamp="2025-03-14T13:03:12 WAT" skipped="0">
  <testcase classname="demoPO.TC001_LoginTestPF" name="testLogin" time="2.100"/>
  <system-out/>
</testsuite> <!-- demoPO.TC001_LoginTestPF -->
